0 info it worked if it ends with ok
1 verbose cli [ '/Users/jake/.nvm/v0.11.9/bin/node',
1 verbose cli   '/Users/jake/.nvm/v0.11.9/bin/npm',
1 verbose cli   'test' ]
2 info using npm@1.3.15
3 info using node@v0.11.9
4 error Error: ENOENT, open '/Users/jake/projects/wan/examples/koa-example/package.json'
5 error If you need help, you may report this log at:
5 error     <http://github.com/isaacs/npm/issues>
5 error or email it to:
5 error     <npm-@googlegroups.com>
6 error System Darwin 13.0.0
7 error command "/Users/jake/.nvm/v0.11.9/bin/node" "/Users/jake/.nvm/v0.11.9/bin/npm" "test"
8 error cwd /Users/jake/projects/wan/examples/koa-example
9 error node -v v0.11.9
10 error npm -v 1.3.15
11 error path /Users/jake/projects/wan/examples/koa-example/package.json
12 error code ENOENT
13 error errno -2
14 verbose exit [ -2, true ]
